<?xml version="1.0" encoding="UTF-8"?>
<!-- Generated by org.testng.reporters.JUnitReportReporter -->
<testsuite skipped="0" hostname="DESKTOP-R8M5NJD" name="testPackage.validateLogin" tests="2" failures="0" timestamp="18 Dec 2018 23:24:37 GMT" time="64.277" errors="0">
  <testcase name="validateLoginTest" time="34.299" classname="testPackage.validateLogin"/>
  <testcase name="validateLoginTest" time="29.978" classname="testPackage.validateLogin"/>
</testsuite> <!-- testPackage.validateLogin -->
