<?xml version="1.0" encoding="UTF-8"?>
<!-- Generated by org.testng.reporters.JUnitReportReporter -->
<testsuite skipped="0" hostname="DESKTOP-R8M5NJD" name="Package.HomePage" tests="2" failures="0" timestamp="13 Nov 2018 14:27:12 GMT" time="81.836" errors="0">
  <testcase name="loadBaseURL" time="34.669" classname="Package.HomePage"/>
  <testcase name="loadBaseURL" time="47.167" classname="Package.HomePage"/>
</testsuite> <!-- Package.HomePage -->
