<?xml version="1.0" encoding="UTF-8"?>
<!-- Generated by org.testng.reporters.JUnitReportReporter -->
<testsuite skipped="0" hostname="DESKTOP-R8M5NJD" name="Package.validateNavBar" tests="1" failures="0" timestamp="14 Nov 2018 16:49:24 GMT" time="3.856" errors="0">
  <testcase name="loadBaseURL" time="3.856" classname="Package.validateNavBar"/>
</testsuite> <!-- Package.validateNavBar -->
