<?xml version="1.0" encoding="UTF-8"?>
<!-- Generated by org.testng.reporters.JUnitReportReporter -->
<testsuite skipped="0" hostname="DESKTOP-R8M5NJD" name="testPackage.validateLogin" tests="2" failures="0" timestamp="28 Nov 2018 00:15:15 GMT" time="60.701" errors="0">
  <testcase name="validateLoginTest" time="33.272" classname="testPackage.validateLogin"/>
  <testcase name="validateLoginTest" time="27.429" classname="testPackage.validateLogin"/>
</testsuite> <!-- testPackage.validateLogin -->
