<?xml version="1.0" encoding="UTF-8"?>
<!-- Generated by org.testng.reporters.JUnitReportReporter -->
<testsuite skipped="0" hostname="DESKTOP-R8M5NJD" name="Package.validateLogin" tests="2" failures="0" timestamp="14 Nov 2018 16:49:24 GMT" time="41.219" errors="0">
  <testcase name="loadBaseURL" time="16.289" classname="Package.validateLogin"/>
  <testcase name="loadBaseURL" time="24.930" classname="Package.validateLogin"/>
</testsuite> <!-- Package.validateLogin -->
