<?xml version="1.0" encoding="UTF-8"?>
<!-- Generated by org.testng.reporters.JUnitReportReporter -->
<testsuite skipped="0" hostname="DESKTOP-R8M5NJD" name="testPackage.validateNavBar" tests="1" failures="0" timestamp="18 Dec 2018 23:24:37 GMT" time="2.279" errors="0">
  <testcase name="validateNavBarTest" time="2.279" classname="testPackage.validateNavBar"/>
</testsuite> <!-- testPackage.validateNavBar -->
