<?xml version="1.0" encoding="UTF-8"?>
<!-- Generated by org.testng.reporters.JUnitReportReporter -->
<testsuite skipped="0" hostname="DESKTOP-R8M5NJD" name="testPackage.validateNavBar" tests="1" failures="0" timestamp="28 Nov 2018 00:15:15 GMT" time="1.487" errors="0">
  <testcase name="validateNavBarTest" time="1.487" classname="testPackage.validateNavBar"/>
</testsuite> <!-- testPackage.validateNavBar -->
